<?xml version="1.0" encoding="UTF-8"?>
<!-- Generated by org.testng.reporters.JUnitXMLReporter -->
<testsuite hostname="LAPTOP-2PTSSEC5" name="Test" tests="4" failures="0" timestamp="4 Aug 2020 19:13:50 GMT" time="67.863" errors="0">
  <testcase name="basePageNavigation" time="0.127" classname="Academy.validateTitle"/>
  <testcase name="basePageNavigation" time="16.874" classname="Academy.Homepage"/>
  <testcase name="basePageNavigation" time="18.339" classname="Academy.Homepage"/>
  <testcase name="basePageNavigation" time="0.463" classname="Academy.ValidateNavigation"/>
</testsuite> <!-- Test -->
