<?xml version="1.0" encoding="UTF-8"?>
<!-- Generated by org.testng.reporters.JUnitXMLReporter -->
<testsuite hostname="LAPTOP-2PTSSEC5" ignored="0" name="Test" tests="4" failures="0" timestamp="05 Aug 2020 17:15:59 GMT" time="117.493" errors="0">
  <testcase name="basePageNavigation" time="0.209" classname="Academy.validateTitle"/>
  <testcase name="basePageNavigation" time="39.216" classname="Academy.Homepage"/>
  <testcase name="basePageNavigation" time="5.07" classname="Academy.Homepage"/>
  <testcase name="basePageNavigation" time="0.142" classname="Academy.ValidateNavigation"/>
</testsuite> <!-- Test -->
