<?xml version="1.0" encoding="UTF-8"?>
<!-- Generated by org.testng.reporters.JUnitXMLReporter -->
<testsuite hostname="LAPTOP-2PTSSEC5" ignored="0" name="Validating User login" tests="2" failures="0" timestamp="26 Sep 2020 13:05:49 GMT" time="69.885" errors="0">
  <testcase name="runScenario" time="35.923" classname="io.cucumber.testng.AbstractTestNGCucumberTests"/>
  <testcase name="runScenario" time="33.103" classname="io.cucumber.testng.AbstractTestNGCucumberTests"/>
</testsuite> <!-- Validating User login -->
