<?xml version="1.0" encoding="UTF-8"?>
<!-- Generated by org.testng.reporters.JUnitXMLReporter -->
<testsuite hostname="LAPTOP-2PTSSEC5" name="Validating Title" tests="2" failures="1" timestamp="25 Sep 2020 13:04:58 GMT" time="27.424" errors="0">
  <testcase name="ValidateTitleNavigation" time="0.336" classname="Academy.validateTitle"/>
  <testcase name="ValidateheaderText" time="0.264" classname="Academy.validateTitle">
    <failure type="junit.framework.ComparisonFailure" message="expected:&amp;lt;...RYTHING ABOUT TESTIN[G]&amp;gt; but was:&amp;lt;...RYTHING ABOUT TESTIN[]&amp;gt;">
      <![CDATA[junit.framework.ComparisonFailure: expected:<...RYTHING ABOUT TESTIN[G]> but was:<...RYTHING ABOUT TESTIN[]>
	at junit.framework.Assert.assertEquals(Assert.java:100)
	at junit.framework.Assert.assertEquals(Assert.java:107)
	at Academy.validateTitle.ValidateheaderText(validateTitle.java:44)
	at java.util.concurrent.FutureTask.run(Unknown Source)
	at java.util.concurrent.ThreadPoolExecutor.runWorker(Unknown Source)
	at java.util.concurrent.ThreadPoolExecutor$Worker.run(Unknown Source)
	at java.lang.Thread.run(Unknown Source)
... Removed 16 stack frames]]>
    </failure>
  </testcase> <!-- ValidateheaderText -->
</testsuite> <!-- Validating Title -->
