<?xml version="1.0" encoding="UTF-8"?>
<testsuite xmlns:xsi="http://www.w3.org/2001/XMLSchema-instance" xsi:noNamespaceSchemaLocation="https://maven.apache.org/surefire/maven-surefire-plugin/xsd/surefire-test-report-3.0.xsd" version="3.0" name="TestSuite" time="96.968" tests="5" errors="0" skipped="0" failures="1">
  <properties>
[...]
</properties>
  <testcase name="ValidateTitleNavigation" classname="Academy.validateTitle" time="0.242">
    <system-err><![CDATA[SLF4J: Class path contains multiple SLF4J bindings.
SLF4J: Found binding in [jar:file:/C:/Users/jagadeesh/.m2/repository/org/sonatype/gossip/gossip/1.0/gossip-1.0.jar!/org/slf4j/impl/StaticLoggerBinder.class]
SLF4J: Found binding in [jar:file:/C:/Users/jagadeesh/.m2/repository/org/slf4j/slf4j-nop/1.5.3/slf4j-nop-1.5.3.jar!/org/slf4j/impl/StaticLoggerBinder.class]
SLF4J: Found binding in [jar:file:/C:/Users/jagadeesh/.m2/repository/org/slf4j/slf4j-jdk14/1.5.6/slf4j-jdk14-1.5.6.jar!/org/slf4j/impl/StaticLoggerBinder.class]
SLF4J: See http://www.slf4j.org/codes.html#multiple_bindings for an explanation.
Starting ChromeDriver 84.0.4147.30 (48b3e868b4cc0aa7e8149519690b6f6949e110a8-refs/branch-heads/4147@{#310}) on port 21145
Only local connections are allowed.
Please see https://chromedriver.chromium.org/security-considerations for suggestions on keeping ChromeDriver safe.
Starting ChromeDriver 84.0.4147.30 (48b3e868b4cc0aa7e8149519690b6f6949e110a8-refs/branch-heads/4147@{#310}) on port 40160
Only local connections are allowed.
Please see https://chromedriver.chromium.org/security-considerations for suggestions on keeping ChromeDriver safe.
ChromeDriver was started successfully.
ChromeDriver was started successfully.
Starting ChromeDriver 84.0.4147.30 (48b3e868b4cc0aa7e8149519690b6f6949e110a8-refs/branch-heads/4147@{#310}) on port 8143
Only local connections are allowed.
Please see https://chromedriver.chromium.org/security-considerations for suggestions on keeping ChromeDriver safe.
ChromeDriver was started successfully.
[1601314961.599][WARNING]: This version of ChromeDriver has not been tested with Chrome version 85.
[1601314961.897][WARNING]: This version of ChromeDriver has not been tested with Chrome version 85.
[1601314962.450][WARNING]: This version of ChromeDriver has not been tested with Chrome version 85.
Sep 28, 2020 11:12:44 PM org.openqa.selenium.remote.ProtocolHandshake createSession
INFO: Detected dialect: W3C
Sep 28, 2020 11:12:44 PM org.openqa.selenium.remote.ProtocolHandshake createSession
INFO: Detected dialect: W3C
Sep 28, 2020 11:12:44 PM org.openqa.selenium.remote.ProtocolHandshake createSession
INFO: Detected dialect: W3C
]]></system-err>
  </testcase>
  <testcase name="ValidateheaderText" classname="Academy.validateTitle" time="1.124">
    <failure message="expected:&lt;...RYTHING ABOUT TESTIN[G]&gt; but was:&lt;...RYTHING ABOUT TESTIN[]&gt;" type="junit.framework.ComparisonFailure"><![CDATA[junit.framework.ComparisonFailure: expected:<...RYTHING ABOUT TESTIN[G]> but was:<...RYTHING ABOUT TESTIN[]>
	at Academy.validateTitle.ValidateheaderText(validateTitle.java:44)
]]></failure>
  </testcase>
  <testcase name="validateNavigation" classname="Academy.ValidateNavigation" time="0.101"/>
  <testcase name="hompage[nonretricteduser@gmail.com, passNonrestricted, This is not restirected user](1)" classname="Academy.Homepage" time="10.889">
    <system-out><![CDATA[This is not restirected user
]]></system-out>
  </testcase>
  <testcase name="hompage[retricteduser@gmail.com, passrestricted, This is restirected user](2)" classname="Academy.Homepage" time="4.716">
    <system-out><![CDATA[This is restirected user
]]></system-out>
  </testcase>
</testsuite>