<?xml version="1.0" encoding="UTF-8"?>
<testng-results skipped="0" failed="1" ignored="0" total="5" passed="4">
  <reporter-output>
  </reporter-output>
  <suite name="Suite" duration-ms="94526" started-at="2020-09-28T17:42:38Z" finished-at="2020-09-28T17:44:12Z">
    <groups>
    </groups>
    <test name="Validating Title" duration-ms="66792" started-at="2020-09-28T17:42:38Z" finished-at="2020-09-28T17:43:45Z">
      <class name="Academy.validateTitle">
        <test-method status="PASS" signature="initialize()[pri:0, instance:Academy.validateTitle@15888343]" name="initialize" is-config="true" duration-ms="65213" started-at="2020-09-28T17:42:38Z" finished-at="2020-09-28T17:43:43Z">
          <reporter-output>
          </reporter-output>
        </test-method> <!-- initialize -->
        <test-method status="PASS" signature="ValidateTitleNavigation()[pri:0, instance:Academy.validateTitle@15888343]" name="ValidateTitleNavigation" duration-ms="226" started-at="2020-09-28T17:43:43Z" finished-at="2020-09-28T17:43:43Z">
          <reporter-output>
          </reporter-output>
        </test-method> <!-- ValidateTitleNavigation -->
        <test-method status="FAIL" signature="ValidateheaderText()[pri:0, instance:Academy.validateTitle@15888343]" name="ValidateheaderText" duration-ms="251" started-at="2020-09-28T17:43:43Z" finished-at="2020-09-28T17:43:44Z">
          <exception class="junit.framework.ComparisonFailure">
            <message>
              <![CDATA[expected:<...RYTHING ABOUT TESTIN[G]> but was:<...RYTHING ABOUT TESTIN[]>]]>
            </message>
            <full-stacktrace>
              <![CDATA[junit.framework.ComparisonFailure: expected:<...RYTHING ABOUT TESTIN[G]> but was:<...RYTHING ABOUT TESTIN[]>
at junit.framework.Assert.assertEquals(Assert.java:100)
at junit.framework.Assert.assertEquals(Assert.java:107)
at Academy.validateTitle.ValidateheaderText(validateTitle.java:44)
at sun.reflect.NativeMethodAccessorImpl.invoke0(Native Method)
at sun.reflect.NativeMethodAccessorImpl.invoke(NativeMethodAccessorImpl.java:62)
at sun.reflect.DelegatingMethodAccessorImpl.invoke(DelegatingMethodAccessorImpl.java:43)
at java.lang.reflect.Method.invoke(Method.java:498)
at org.testng.internal.MethodInvocationHelper.invokeMethod(MethodInvocationHelper.java:124)
at org.testng.internal.Invoker.invokeMethod(Invoker.java:583)
at org.testng.internal.Invoker.invokeTestMethod(Invoker.java:719)
at org.testng.internal.Invoker.invokeTestMethods(Invoker.java:989)
at org.testng.internal.TestMethodWorker.invokeTestMethods(TestMethodWorker.java:125)
at org.testng.internal.TestMethodWorker.run(TestMethodWorker.java:109)
at org.testng.TestRunner.privateRun(TestRunner.java:648)
at org.testng.TestRunner.run(TestRunner.java:505)
at org.testng.SuiteRunner.runTest(SuiteRunner.java:455)
at org.testng.SuiteRunner.access$000(SuiteRunner.java:40)
at org.testng.SuiteRunner$SuiteWorker.run(SuiteRunner.java:489)
at org.testng.internal.thread.ThreadUtil$1.call(ThreadUtil.java:52)
at java.util.concurrent.FutureTask.run(FutureTask.java:266)
at java.util.concurrent.ThreadPoolExecutor.runWorker(ThreadPoolExecutor.java:1149)
at java.util.concurrent.ThreadPoolExecutor$Worker.run(ThreadPoolExecutor.java:624)
at java.lang.Thread.run(Thread.java:748)
]]>
            </full-stacktrace>
          </exception> <!-- junit.framework.ComparisonFailure -->
          <reporter-output>
          </reporter-output>
        </test-method> <!-- ValidateheaderText -->
        <test-method status="PASS" signature="tearDown()[pri:0, instance:Academy.validateTitle@15888343]" name="tearDown" is-config="true" duration-ms="207" started-at="2020-09-28T17:43:45Z" finished-at="2020-09-28T17:43:45Z">
          <reporter-output>
          </reporter-output>
        </test-method> <!-- tearDown -->
      </class> <!-- Academy.validateTitle -->
    </test> <!-- Validating Title -->
    <test name="Validating navigation" duration-ms="74963" started-at="2020-09-28T17:42:38Z" finished-at="2020-09-28T17:43:53Z">
      <class name="Academy.ValidateNavigation">
        <test-method status="PASS" signature="initialize()[pri:0, instance:Academy.ValidateNavigation@4f0f2942]" name="initialize" is-config="true" duration-ms="74724" started-at="2020-09-28T17:42:38Z" finished-at="2020-09-28T17:43:53Z">
          <reporter-output>
          </reporter-output>
        </test-method> <!-- initialize -->
        <test-method status="PASS" signature="validateNavigation()[pri:0, instance:Academy.ValidateNavigation@4f0f2942]" name="validateNavigation" duration-ms="103" started-at="2020-09-28T17:43:53Z" finished-at="2020-09-28T17:43:53Z">
          <reporter-output>
          </reporter-output>
        </test-method> <!-- validateNavigation -->
        <test-method status="PASS" signature="tearDown()[pri:0, instance:Academy.ValidateNavigation@4f0f2942]" name="tearDown" is-config="true" duration-ms="135" started-at="2020-09-28T17:43:53Z" finished-at="2020-09-28T17:43:53Z">
          <reporter-output>
          </reporter-output>
        </test-method> <!-- tearDown -->
      </class> <!-- Academy.ValidateNavigation -->
    </test> <!-- Validating navigation -->
    <test name="Validating home page" duration-ms="94526" started-at="2020-09-28T17:42:38Z" finished-at="2020-09-28T17:44:12Z">
      <class name="Academy.Homepage">
        <test-method status="PASS" signature="initialize()[pri:0, instance:Academy.Homepage@20b2475a]" name="initialize" is-config="true" duration-ms="6512" started-at="2020-09-28T17:42:38Z" finished-at="2020-09-28T17:42:44Z">
          <reporter-output>
          </reporter-output>
        </test-method> <!-- initialize -->
        <test-method status="PASS" signature="hompage(java.lang.String, java.lang.String, java.lang.String)[pri:0, instance:Academy.Homepage@20b2475a]" name="hompage" duration-ms="79057" started-at="2020-09-28T17:42:44Z" data-provider="getData" finished-at="2020-09-28T17:44:04Z">
          <params>
            <param index="0">
              <value>
                <![CDATA[nonretricteduser@gmail.com]]>
              </value>
            </param>
            <param index="1">
              <value>
                <![CDATA[passNonrestricted]]>
              </value>
            </param>
            <param index="2">
              <value>
                <![CDATA[This is not restirected user]]>
              </value>
            </param>
          </params>
          <reporter-output>
          </reporter-output>
        </test-method> <!-- hompage -->
        <test-method status="PASS" signature="hompage(java.lang.String, java.lang.String, java.lang.String)[pri:0, instance:Academy.Homepage@20b2475a]" name="hompage" duration-ms="4721" started-at="2020-09-28T17:44:04Z" data-provider="getData" finished-at="2020-09-28T17:44:08Z">
          <params>
            <param index="0">
              <value>
                <![CDATA[retricteduser@gmail.com]]>
              </value>
            </param>
            <param index="1">
              <value>
                <![CDATA[passrestricted]]>
              </value>
            </param>
            <param index="2">
              <value>
                <![CDATA[This is restirected user]]>
              </value>
            </param>
          </params>
          <reporter-output>
          </reporter-output>
        </test-method> <!-- hompage -->
        <test-method status="PASS" signature="tearDown()[pri:0, instance:Academy.Homepage@20b2475a]" name="tearDown" is-config="true" duration-ms="4202" started-at="2020-09-28T17:44:08Z" finished-at="2020-09-28T17:44:12Z">
          <reporter-output>
          </reporter-output>
        </test-method> <!-- tearDown -->
      </class> <!-- Academy.Homepage -->
    </test> <!-- Validating home page -->
  </suite> <!-- Suite -->
</testng-results>
