<?xml version="1.0" encoding="UTF-8"?>
<testsuite xmlns:xsi="http://www.w3.org/2001/XMLSchema-instance" xsi:noNamespaceSchemaLocation="https://maven.apache.org/surefire/maven-surefire-plugin/xsd/surefire-test-report-3.0.xsd" version="3.0" name="TestSuite" time="35.105" tests="5" errors="0" skipped="0" failures="1">
  <properties>
[...]
</properties>
  <testcase name="ValidateTitleNavigation" classname="Academy.validateTitle" time="0.708">
    <system-err><![CDATA[Starting ChromeDriver 84.0.4147.30 (48b3e868b4cc0aa7e8149519690b6f6949e110a8-refs/branch-heads/4147@{#310}) on port 3260
Only local connections are allowed.
Please see https://chromedriver.chromium.org/security-considerations for suggestions on keeping ChromeDSrtiavrerti nsagf eCh.ro
meDriver 84.0.4147.30 (48b3e868b4cc0aa7e8149519690b6f6949e110a8-refs/branch-heads/4147@{#310}) on port 15199
Only local connections are allowed.
Please see https://chromedriver.chromium.org/security-considerations for suggestions on keeping ChromeDriver safe.
Starting ChromeDriver 84.0.4147.30 (48b3e868b4cc0aa7e8149519690b6f6949e110a8-refs/branch-heads/4147@{#310}) on port 34142
Only local connections are allowed.
Please see https://chromedriver.chromium.org/secCuhrriomteyD-rciovnesri dwearations for ssug gsetsatritoends  sounc ckeesespfiunlgl yC.hr
omeDriver safe.
ChromeDriver was started successfully.
ChromeDriver was started successfully.
[1601282256.297][WARNING]: This version of ChromeDriver has not been tested with Chrome version 85.
[1601282256.376][WARNING]: This version of ChromeDriver has not been tested with Chrome version 85.
[1601282257.982][WARNING]: This version of ChromeDriver has not been tested with Chrome version 85.
Sep 28, 2020 2:07:38 PM org.openqa.selenium.remote.ProtocolHandshake createSession
INFO: Detected dialect: W3C
Sep 28, 2020 2:07:39 PM org.openqa.selenium.remote.ProtocolHandshake createSession
INFO: Detected dialect: W3C
Sep 28, 2020 2:07:40 PM org.openqa.selenium.remote.ProtocolHandshake createSession
INFO: Detected dialect: W3C
]]></system-err>
  </testcase>
  <testcase name="ValidateheaderText" classname="Academy.validateTitle" time="0.406">
    <failure message="expected:&lt;...RYTHING ABOUT TESTIN[G]&gt; but was:&lt;...RYTHING ABOUT TESTIN[]&gt;" type="junit.framework.ComparisonFailure"><![CDATA[junit.framework.ComparisonFailure: expected:<...RYTHING ABOUT TESTIN[G]> but was:<...RYTHING ABOUT TESTIN[]>
	at Academy.validateTitle.ValidateheaderText(validateTitle.java:44)
]]></failure>
  </testcase>
  <testcase name="validateNavigation" classname="Academy.ValidateNavigation" time="0.638"/>
  <testcase name="hompage[nonretricteduser@gmail.com, passNonrestricted, This is not restirected user](1)" classname="Academy.Homepage" time="3.603">
    <system-out><![CDATA[This is not restirected user
]]></system-out>
  </testcase>
  <testcase name="hompage[retricteduser@gmail.com, passrestricted, This is restirected user](2)" classname="Academy.Homepage" time="5.64">
    <system-out><![CDATA[This is restirected user
]]></system-out>
  </testcase>
</testsuite>