<?xml version="1.0" encoding="UTF-8"?>
<testng-results skipped="0" failed="1" ignored="0" total="5" passed="4">
  <reporter-output>
  </reporter-output>
  <suite name="Suite" duration-ms="61958" started-at="2021-05-05T08:38:58Z" finished-at="2021-05-05T08:40:00Z">
    <groups>
    </groups>
    <test name="Validating navigation" duration-ms="36781" started-at="2021-05-05T08:38:58Z" finished-at="2021-05-05T08:39:35Z">
      <class name="Academy.ValidateNavigation">
        <test-method status="PASS" signature="initialize()[pri:0, instance:Academy.ValidateNavigation@57d4dd]" name="initialize" is-config="true" duration-ms="36221" started-at="2021-05-05T08:38:58Z" finished-at="2021-05-05T08:39:34Z">
          <reporter-output>
          </reporter-output>
        </test-method> <!-- initialize -->
        <test-method status="PASS" signature="validateNavigation()[pri:0, instance:Academy.ValidateNavigation@57d4dd]" name="validateNavigation" duration-ms="135" started-at="2021-05-05T08:39:34Z" finished-at="2021-05-05T08:39:34Z">
          <reporter-output>
          </reporter-output>
        </test-method> <!-- validateNavigation -->
        <test-method status="PASS" signature="tearDown()[pri:0, instance:Academy.ValidateNavigation@57d4dd]" name="tearDown" is-config="true" duration-ms="408" started-at="2021-05-05T08:39:34Z" finished-at="2021-05-05T08:39:35Z">
          <reporter-output>
          </reporter-output>
        </test-method> <!-- tearDown -->
      </class> <!-- Academy.ValidateNavigation -->
    </test> <!-- Validating navigation -->
    <test name="Validating Title" duration-ms="41066" started-at="2021-05-05T08:38:58Z" finished-at="2021-05-05T08:39:39Z">
      <class name="Academy.validateTitle">
        <test-method status="PASS" signature="initialize()[pri:0, instance:Academy.validateTitle@1ecda92]" name="initialize" is-config="true" duration-ms="40274" started-at="2021-05-05T08:38:58Z" finished-at="2021-05-05T08:39:38Z">
          <reporter-output>
          </reporter-output>
        </test-method> <!-- initialize -->
        <test-method status="PASS" signature="ValidateTitleNavigation()[pri:0, instance:Academy.validateTitle@1ecda92]" name="ValidateTitleNavigation" duration-ms="57" started-at="2021-05-05T08:39:38Z" finished-at="2021-05-05T08:39:38Z">
          <reporter-output>
          </reporter-output>
        </test-method> <!-- ValidateTitleNavigation -->
        <test-method status="FAIL" signature="ValidateheaderText()[pri:0, instance:Academy.validateTitle@1ecda92]" name="ValidateheaderText" duration-ms="46" started-at="2021-05-05T08:39:38Z" finished-at="2021-05-05T08:39:38Z">
          <exception class="junit.framework.ComparisonFailure">
            <message>
              <![CDATA[expected:<...RYTHING ABOUT TESTIN[G]> but was:<...RYTHING ABOUT TESTIN[]>]]>
            </message>
            <full-stacktrace>
              <![CDATA[junit.framework.ComparisonFailure: expected:<...RYTHING ABOUT TESTIN[G]> but was:<...RYTHING ABOUT TESTIN[]>
at junit.framework.Assert.assertEquals(Assert.java:100)
at junit.framework.Assert.assertEquals(Assert.java:107)
at Academy.validateTitle.ValidateheaderText(validateTitle.java:44)
at sun.reflect.NativeMethodAccessorImpl.invoke0(Native Method)
at sun.reflect.NativeMethodAccessorImpl.invoke(NativeMethodAccessorImpl.java:62)
at sun.reflect.DelegatingMethodAccessorImpl.invoke(DelegatingMethodAccessorImpl.java:43)
at java.lang.reflect.Method.invoke(Method.java:498)
at org.testng.internal.MethodInvocationHelper.invokeMethod(MethodInvocationHelper.java:124)
at org.testng.internal.Invoker.invokeMethod(Invoker.java:583)
at org.testng.internal.Invoker.invokeTestMethod(Invoker.java:719)
at org.testng.internal.Invoker.invokeTestMethods(Invoker.java:989)
at org.testng.internal.TestMethodWorker.invokeTestMethods(TestMethodWorker.java:125)
at org.testng.internal.TestMethodWorker.run(TestMethodWorker.java:109)
at org.testng.TestRunner.privateRun(TestRunner.java:648)
at org.testng.TestRunner.run(TestRunner.java:505)
at org.testng.SuiteRunner.runTest(SuiteRunner.java:455)
at org.testng.SuiteRunner.access$000(SuiteRunner.java:40)
at org.testng.SuiteRunner$SuiteWorker.run(SuiteRunner.java:489)
at org.testng.internal.thread.ThreadUtil$1.call(ThreadUtil.java:52)
at java.util.concurrent.FutureTask.run(FutureTask.java:266)
at java.util.concurrent.ThreadPoolExecutor.runWorker(ThreadPoolExecutor.java:1149)
at java.util.concurrent.ThreadPoolExecutor$Worker.run(ThreadPoolExecutor.java:624)
at java.lang.Thread.run(Thread.java:748)
]]>
            </full-stacktrace>
          </exception> <!-- junit.framework.ComparisonFailure -->
          <reporter-output>
          </reporter-output>
        </test-method> <!-- ValidateheaderText -->
        <test-method status="PASS" signature="tearDown()[pri:0, instance:Academy.validateTitle@1ecda92]" name="tearDown" is-config="true" duration-ms="196" started-at="2021-05-05T08:39:39Z" finished-at="2021-05-05T08:39:39Z">
          <reporter-output>
          </reporter-output>
        </test-method> <!-- tearDown -->
      </class> <!-- Academy.validateTitle -->
    </test> <!-- Validating Title -->
    <test name="Validating home page" duration-ms="61957" started-at="2021-05-05T08:38:58Z" finished-at="2021-05-05T08:40:00Z">
      <class name="Academy.Homepage">
        <test-method status="PASS" signature="initialize()[pri:0, instance:Academy.Homepage@1857fe2]" name="initialize" is-config="true" duration-ms="12412" started-at="2021-05-05T08:38:58Z" finished-at="2021-05-05T08:39:10Z">
          <reporter-output>
          </reporter-output>
        </test-method> <!-- initialize -->
        <test-method status="PASS" signature="hompage(java.lang.String, java.lang.String, java.lang.String)[pri:0, instance:Academy.Homepage@1857fe2]" name="hompage" duration-ms="30746" started-at="2021-05-05T08:39:10Z" data-provider="getData" finished-at="2021-05-05T08:39:41Z">
          <params>
            <param index="0">
              <value>
                <![CDATA[nonretricteduser@gmail.com]]>
              </value>
            </param>
            <param index="1">
              <value>
                <![CDATA[passNonrestricted]]>
              </value>
            </param>
            <param index="2">
              <value>
                <![CDATA[This is not restirected user]]>
              </value>
            </param>
          </params>
          <reporter-output>
          </reporter-output>
        </test-method> <!-- hompage -->
        <test-method status="PASS" signature="hompage(java.lang.String, java.lang.String, java.lang.String)[pri:0, instance:Academy.Homepage@1857fe2]" name="hompage" duration-ms="18387" started-at="2021-05-05T08:39:41Z" data-provider="getData" finished-at="2021-05-05T08:40:00Z">
          <params>
            <param index="0">
              <value>
                <![CDATA[retricteduser@gmail.com]]>
              </value>
            </param>
            <param index="1">
              <value>
                <![CDATA[passrestricted]]>
              </value>
            </param>
            <param index="2">
              <value>
                <![CDATA[This is restirected user]]>
              </value>
            </param>
          </params>
          <reporter-output>
          </reporter-output>
        </test-method> <!-- hompage -->
        <test-method status="PASS" signature="tearDown()[pri:0, instance:Academy.Homepage@1857fe2]" name="tearDown" is-config="true" duration-ms="220" started-at="2021-05-05T08:40:00Z" finished-at="2021-05-05T08:40:00Z">
          <reporter-output>
          </reporter-output>
        </test-method> <!-- tearDown -->
      </class> <!-- Academy.Homepage -->
    </test> <!-- Validating home page -->
  </suite> <!-- Suite -->
</testng-results>
