<?xml version="1.0" encoding="UTF-8"?>
<testng-results skipped="0" failed="1" total="5" passed="4">
  <reporter-output>
  </reporter-output>
  <suite name="Suite" duration-ms="27293" started-at="2020-09-26T13:08:32Z" finished-at="2020-09-26T13:08:59Z">
    <groups>
    </groups>
    <test name="Validating Title" duration-ms="21055" started-at="2020-09-26T13:08:32Z" finished-at="2020-09-26T13:08:53Z">
      <class name="Academy.validateTitle">
        <test-method status="PASS" signature="initialize()[pri:0, instance:Academy.validateTitle@4116aac9]" name="initialize" is-config="true" duration-ms="18228" started-at="2020-09-26T18:38:32Z" finished-at="2020-09-26T18:38:50Z">
          <reporter-output>
          </reporter-output>
        </test-method> <!-- initialize -->
        <test-method status="PASS" signature="ValidateTitleNavigation()[pri:0, instance:Academy.validateTitle@4116aac9]" name="ValidateTitleNavigation" duration-ms="612" started-at="2020-09-26T18:38:50Z" finished-at="2020-09-26T18:38:51Z">
          <reporter-output>
          </reporter-output>
        </test-method> <!-- ValidateTitleNavigation -->
        <test-method status="FAIL" signature="ValidateheaderText()[pri:0, instance:Academy.validateTitle@4116aac9]" name="ValidateheaderText" duration-ms="384" started-at="2020-09-26T18:38:51Z" finished-at="2020-09-26T18:38:51Z">
          <exception class="junit.framework.ComparisonFailure">
            <message>
              <![CDATA[expected:<...RYTHING ABOUT TESTIN[G]> but was:<...RYTHING ABOUT TESTIN[]>]]>
            </message>
            <full-stacktrace>
              <![CDATA[junit.framework.ComparisonFailure: expected:<...RYTHING ABOUT TESTIN[G]> but was:<...RYTHING ABOUT TESTIN[]>
	at junit.framework.Assert.assertEquals(Assert.java:100)
	at junit.framework.Assert.assertEquals(Assert.java:107)
	at Academy.validateTitle.ValidateheaderText(validateTitle.java:44)
	at sun.reflect.NativeMethodAccessorImpl.invoke0(Native Method)
	at sun.reflect.NativeMethodAccessorImpl.invoke(Unknown Source)
	at sun.reflect.DelegatingMethodAccessorImpl.invoke(Unknown Source)
	at java.lang.reflect.Method.invoke(Unknown Source)
	at org.testng.internal.MethodInvocationHelper.invokeMethod(MethodInvocationHelper.java:86)
	at org.testng.internal.Invoker.invokeMethod(Invoker.java:645)
	at org.testng.internal.Invoker.invokeTestMethod(Invoker.java:822)
	at org.testng.internal.Invoker.invokeTestMethods(Invoker.java:1130)
	at org.testng.internal.TestMethodWorker.invokeTestMethods(TestMethodWorker.java:129)
	at org.testng.internal.TestMethodWorker.run(TestMethodWorker.java:112)
	at org.testng.TestRunner.privateRun(TestRunner.java:782)
	at org.testng.TestRunner.run(TestRunner.java:632)
	at org.testng.SuiteRunner.runTest(SuiteRunner.java:366)
	at org.testng.SuiteRunner.access$000(SuiteRunner.java:39)
	at org.testng.SuiteRunner$SuiteWorker.run(SuiteRunner.java:400)
	at org.testng.internal.thread.ThreadUtil$2.call(ThreadUtil.java:64)
	at java.util.concurrent.FutureTask.run(Unknown Source)
	at java.util.concurrent.ThreadPoolExecutor.runWorker(Unknown Source)
	at java.util.concurrent.ThreadPoolExecutor$Worker.run(Unknown Source)
	at java.lang.Thread.run(Unknown Source)
]]>
            </full-stacktrace>
          </exception> <!-- junit.framework.ComparisonFailure -->
          <reporter-output>
          </reporter-output>
        </test-method> <!-- ValidateheaderText -->
        <test-method status="PASS" signature="tearDown()[pri:0, instance:Academy.validateTitle@4116aac9]" name="tearDown" is-config="true" duration-ms="583" started-at="2020-09-26T18:38:52Z" finished-at="2020-09-26T18:38:53Z">
          <reporter-output>
          </reporter-output>
        </test-method> <!-- tearDown -->
      </class> <!-- Academy.validateTitle -->
    </test> <!-- Validating Title -->
    <test name="Validating navigation" duration-ms="25096" started-at="2020-09-26T13:08:32Z" finished-at="2020-09-26T13:08:57Z">
      <class name="Academy.ValidateNavigation">
        <test-method status="PASS" signature="initialize()[pri:0, instance:Academy.ValidateNavigation@45c7e403]" name="initialize" is-config="true" duration-ms="20460" started-at="2020-09-26T18:38:32Z" finished-at="2020-09-26T18:38:52Z">
          <reporter-output>
          </reporter-output>
        </test-method> <!-- initialize -->
        <test-method status="PASS" signature="validateNavigation()[pri:0, instance:Academy.ValidateNavigation@45c7e403]" name="validateNavigation" duration-ms="300" started-at="2020-09-26T18:38:52Z" finished-at="2020-09-26T18:38:53Z">
          <reporter-output>
          </reporter-output>
        </test-method> <!-- validateNavigation -->
        <test-method status="PASS" signature="tearDown()[pri:0, instance:Academy.ValidateNavigation@45c7e403]" name="tearDown" is-config="true" duration-ms="4336" started-at="2020-09-26T18:38:53Z" finished-at="2020-09-26T18:38:57Z">
          <reporter-output>
          </reporter-output>
        </test-method> <!-- tearDown -->
      </class> <!-- Academy.ValidateNavigation -->
    </test> <!-- Validating navigation -->
    <test name="Validating home page" duration-ms="27293" started-at="2020-09-26T13:08:32Z" finished-at="2020-09-26T13:08:59Z">
      <class name="Academy.Homepage">
        <test-method status="PASS" signature="initialize()[pri:0, instance:Academy.Homepage@24269709]" name="initialize" is-config="true" duration-ms="5713" started-at="2020-09-26T18:38:32Z" finished-at="2020-09-26T18:38:38Z">
          <reporter-output>
          </reporter-output>
        </test-method> <!-- initialize -->
        <test-method status="PASS" signature="hompage(java.lang.String, java.lang.String, java.lang.String)[pri:0, instance:Academy.Homepage@24269709]" name="hompage" duration-ms="18223" started-at="2020-09-26T18:38:38Z" data-provider="getData" finished-at="2020-09-26T18:38:56Z">
          <params>
            <param index="0">
              <value>
                <![CDATA[nonretricteduser@gmail.com]]>
              </value>
            </param>
            <param index="1">
              <value>
                <![CDATA[passNonrestricted]]>
              </value>
            </param>
            <param index="2">
              <value>
                <![CDATA[This is not restirected user]]>
              </value>
            </param>
          </params>
          <reporter-output>
          </reporter-output>
        </test-method> <!-- hompage -->
        <test-method status="PASS" signature="hompage(java.lang.String, java.lang.String, java.lang.String)[pri:0, instance:Academy.Homepage@24269709]" name="hompage" duration-ms="3103" started-at="2020-09-26T18:38:56Z" data-provider="getData" finished-at="2020-09-26T18:38:59Z">
          <params>
            <param index="0">
              <value>
                <![CDATA[retricteduser@gmail.com]]>
              </value>
            </param>
            <param index="1">
              <value>
                <![CDATA[passrestricted]]>
              </value>
            </param>
            <param index="2">
              <value>
                <![CDATA[This is restirected user]]>
              </value>
            </param>
          </params>
          <reporter-output>
          </reporter-output>
        </test-method> <!-- hompage -->
        <test-method status="PASS" signature="tearDown()[pri:0, instance:Academy.Homepage@24269709]" name="tearDown" is-config="true" duration-ms="238" started-at="2020-09-26T18:38:59Z" finished-at="2020-09-26T18:38:59Z">
          <reporter-output>
          </reporter-output>
        </test-method> <!-- tearDown -->
      </class> <!-- Academy.Homepage -->
    </test> <!-- Validating home page -->
  </suite> <!-- Suite -->
</testng-results>
